<?xml version="1.0" encoding="UTF-8"?>
<!-- Generated by org.testng.reporters.JUnitXMLReporter -->
<testsuite ignored="3" hostname="DESKTOP-601D2VQ" failures="0" tests="2" name="Default test" time="20.235" errors="0" timestamp="2024-02-02T17:19:20 CET">
  <testcase classname="magento.test1" name="addite" time="9.685"/>
  <testcase classname="magento.test1" name="hoieolor" time="6.148"/>
  <testcase classname="magento.test1" name="logout" time="0.0">
    <ignored/>
  </testcase> <!-- logout -->
  <testcase classname="magento.test1" name="singnup" time="0.0">
    <ignored/>
  </testcase> <!-- singnup -->
  <testcase classname="magento.test1" name="login" time="0.0">
    <ignored/>
  </testcase> <!-- login -->
</testsuite> <!-- Default test -->
